<?xml version="1.0" encoding="UTF-8"?>
<testsuites>
  <testsuite name="fastlane.lanes">
    
    
    
      
      <testcase classname="fastlane.lanes" name="0: Verifying required fastlane version" time="0.00211">
        
      </testcase>
    
      
      <testcase classname="fastlane.lanes" name="1: default_platform" time="0.001462">
        
      </testcase>
    
      
      <testcase classname="fastlane.lanes" name="2: gradle" time="32.843627">
        
          <failure message="/Users/michael/.fastlane/bin/bundle/lib/ruby/gems/2.2.0/gems/fastlane-2.28.3/fastlane/lib/fastlane/actions/actions_helper.rb:48:in `execute_action'&#10;/Users/michael/.fastlane/bin/bundle/lib/ruby/gems/2.2.0/gems/fastlane-2.28.3/fastlane/lib/fastlane/runner.rb:230:in `block in execute_action'&#10;/Users/michael/.fastlane/bin/bundle/lib/ruby/gems/2.2.0/gems/fastlane-2.28.3/fastlane/lib/fastlane/runner.rb:226:in `chdir'&#10;/Users/michael/.fastlane/bin/bundle/lib/ruby/gems/2.2.0/gems/fastlane-2.28.3/fastlane/lib/fastlane/runner.rb:226:in `execute_action'&#10;/Users/michael/.fastlane/bin/bundle/lib/ruby/gems/2.2.0/gems/fastlane-2.28.3/fastlane/lib/fastlane/runner.rb:148:in `trigger_action_by_name'&#10;/Users/michael/.fastlane/bin/bundle/lib/ruby/gems/2.2.0/gems/fastlane-2.28.3/fastlane/lib/fastlane/fast_file.rb:146:in `method_missing'&#10;Fastfile:30:in `block (2 levels) in parsing_binding'&#10;/Users/michael/.fastlane/bin/bundle/lib/ruby/gems/2.2.0/gems/fastlane-2.28.3/fastlane/lib/fastlane/lane.rb:33:in `call'&#10;/Users/michael/.fastlane/bin/bundle/lib/ruby/gems/2.2.0/gems/fastlane-2.28.3/fastlane/lib/fastlane/lane.rb:33:in `call'&#10;/Users/michael/.fastlane/bin/bundle/lib/ruby/gems/2.2.0/gems/fastlane-2.28.3/fastlane/lib/fastlane/runner.rb:49:in `block in execute'&#10;/Users/michael/.fastlane/bin/bundle/lib/ruby/gems/2.2.0/gems/fastlane-2.28.3/fastlane/lib/fastlane/runner.rb:45:in `chdir'&#10;/Users/michael/.fastlane/bin/bundle/lib/ruby/gems/2.2.0/gems/fastlane-2.28.3/fastlane/lib/fastlane/runner.rb:45:in `execute'&#10;/Users/michael/.fastlane/bin/bundle/lib/ruby/gems/2.2.0/gems/fastlane-2.28.3/fastlane/lib/fastlane/lane_manager.rb:52:in `cruise_lane'&#10;/Users/michael/.fastlane/bin/bundle/lib/ruby/gems/2.2.0/gems/fastlane-2.28.3/fastlane/lib/fastlane/command_line_handler.rb:30:in `handle'&#10;/Users/michael/.fastlane/bin/bundle/lib/ruby/gems/2.2.0/gems/fastlane-2.28.3/fastlane/lib/fastlane/commands_generator.rb:104:in `block (2 levels) in run'&#10;/Users/michael/.fastlane/bin/bundle/lib/ruby/gems/2.2.0/gems/commander-fastlane-4.4.6/lib/commander/command.rb:178:in `call'&#10;/Users/michael/.fastlane/bin/bundle/lib/ruby/gems/2.2.0/gems/commander-fastlane-4.4.6/lib/commander/command.rb:178:in `call'&#10;/Users/michael/.fastlane/bin/bundle/lib/ruby/gems/2.2.0/gems/commander-fastlane-4.4.6/lib/commander/command.rb:153:in `run'&#10;/Users/michael/.fastlane/bin/bundle/lib/ruby/gems/2.2.0/gems/commander-fastlane-4.4.6/lib/commander/runner.rb:476:in `run_active_command'&#10;/Users/michael/.fastlane/bin/bundle/lib/ruby/gems/2.2.0/gems/fastlane-2.28.3/fastlane_core/lib/fastlane_core/ui/fastlane_runner.rb:40:in `run!'&#10;/Users/michael/.fastlane/bin/bundle/lib/ruby/gems/2.2.0/gems/commander-fastlane-4.4.6/lib/commander/delegates.rb:15:in `run!'&#10;/Users/michael/.fastlane/bin/bundle/lib/ruby/gems/2.2.0/gems/fastlane-2.28.3/fastlane/lib/fastlane/commands_generator.rb:303:in `run'&#10;/Users/michael/.fastlane/bin/bundle/lib/ruby/gems/2.2.0/gems/fastlane-2.28.3/fastlane/lib/fastlane/commands_generator.rb:42:in `start'&#10;/Users/michael/.fastlane/bin/bundle/lib/ruby/gems/2.2.0/gems/fastlane-2.28.3/fastlane/lib/fastlane/cli_tools_distributor.rb:66:in `take_off'&#10;/Users/michael/.fastlane/bin/bundle/lib/ruby/gems/2.2.0/gems/fastlane-2.28.3/bin/fastlane:20:in `&lt;top (required)&gt;'&#10;/Users/michael/.fastlane/bin/bundle/bin/fastlane:22:in `load'&#10;/Users/michael/.fastlane/bin/bundle/bin/fastlane:22:in `&lt;main&gt;'&#10;&#10;Exit status of command '/Users/michael/Desktop/Exercise/gradlew assembleRelease -p .' was 1 instead of 0.&#10;Starting a Gradle Daemon, 1 incompatible Daemon could not be reused, use --status for details&#10;&#10;&gt; Task :buildSrc:compileKotlin&#10;The `kotlin-dsl` plugin applied to project ':buildSrc' enables experimental Kotlin compiler features. For more information see https://docs.gradle.org/5.4.1/userguide/kotlin_dsl.html#sec:kotlin-dsl_plugin&#10;&#10;&gt; Task :buildSrc:compileJava NO-SOURCE&#10;&gt; Task :buildSrc:compileGroovy NO-SOURCE&#10;&gt; Task :buildSrc:pluginDescriptors UP-TO-DATE&#10;&gt; Task :buildSrc:processResources NO-SOURCE&#10;&gt; Task :buildSrc:classes UP-TO-DATE&#10;&gt; Task :buildSrc:inspectClassesForKotlinIC UP-TO-DATE&#10;&gt; Task :buildSrc:jar UP-TO-DATE&#10;&gt; Task :buildSrc:assemble UP-TO-DATE&#10;&gt; Task :buildSrc:compileTestKotlin NO-SOURCE&#10;&gt; Task :buildSrc:pluginUnderTestMetadata UP-TO-DATE&#10;&gt; Task :buildSrc:compileTestJava NO-SOURCE&#10;&gt; Task :buildSrc:compileTestGroovy NO-SOURCE&#10;&gt; Task :buildSrc:processTestResources NO-SOURCE&#10;&gt; Task :buildSrc:testClasses UP-TO-DATE&#10;&gt; Task :buildSrc:test NO-SOURCE&#10;&gt; Task :buildSrc:validateTaskProperties UP-TO-DATE&#10;&gt; Task :buildSrc:check UP-TO-DATE&#10;&gt; Task :buildSrc:build UP-TO-DATE&#10;&gt; Task :app:preBuild UP-TO-DATE&#10;&gt; Task :app:preReleaseBuild UP-TO-DATE&#10;&gt; Task :app:compileReleaseAidl NO-SOURCE&#10;&gt; Task :app:checkReleaseManifest&#10;&gt; Task :app:compileReleaseRenderscript NO-SOURCE&#10;&gt; Task :app:generateReleaseBuildConfig&#10;&gt; Task :app:writeReleaseApplicationId&#10;&gt; Task :app:generateSafeArgsRelease&#10;&gt; Task :app:mainApkListPersistenceRelease&#10;&gt; Task :app:generateReleaseResValues&#10;&gt; Task :app:generateReleaseResources&#10;&gt; Task :app:createReleaseCompatibleScreenManifests&#10;&gt; Task :app:processReleaseManifest&#10;&gt; Task :app:mergeReleaseResources&#10;&gt; Task :app:processReleaseResources&#10;&gt; Task :app:kaptGenerateStubsReleaseKotlin&#10;&#10;&gt; Task :app:kaptReleaseKotlin&#10;w: [kapt] Incremental annotation processing requested, but support is disabled because the following processors are not incremental: androidx.lifecycle.LifecycleProcessor (NON_INCREMENTAL).&#10;&#10;&gt; Task :app:compileReleaseKotlin&#10;w: /Users/michael/Desktop/Exercise/app/src/main/java/com/michael/AndroidModule.kt: (13, 27): 'PreferenceManager' is deprecated. Deprecated in Java&#10;w: /Users/michael/Desktop/Exercise/app/src/main/java/com/michael/AndroidModule.kt: (30, 16): 'PreferenceManager' is deprecated. Deprecated in Java&#10;w: /Users/michael/Desktop/Exercise/app/src/main/java/com/michael/AndroidModule.kt: (30, 34): 'getDefaultSharedPreferences(Context!): SharedPreferences!' is deprecated. Deprecated in Java&#10;w: /Users/michael/Desktop/Exercise/app/src/main/java/com/michael/MyComponent.kt: (20, 46): 'Builder&lt;T : Any!&gt;' is deprecated. Deprecated in Java&#10;&#10;&gt; Task :app:prepareLintJar UP-TO-DATE&#10;&gt; Task :app:javaPreCompileRelease&#10;&#10;&gt; Task :app:compileReleaseJavaWithJavac FAILED&#10;/Users/michael/Desktop/Exercise/app/build/generated/source/kapt/release/dagger/android/support/DaggerApplication_MembersInjector.java:5: error: package javax.annotation.processing does not exist&#10;import javax.annotation.processing.Generated;&#10;                                  ^&#10;/Users/michael/Desktop/Exercise/app/build/generated/source/kapt/release/dagger/android/support/DaggerApplication_MembersInjector.java:8: error: cannot find symbol&#10;@Generated(&#10; ^&#10;  symbol: class Generated&#10;/Users/michael/Desktop/Exercise/app/build/generated/source/kapt/release/com/michael/AndroidModule_ProvideContentResolver$app_releaseFactory.java:6: error: package javax.annotation.processing does not exist&#10;import javax.annotation.processing.Generated;&#10;                                  ^&#10;/Users/michael/Desktop/Exercise/app/build/generated/source/kapt/release/com/michael/AndroidModule_ProvideContentResolver$app_releaseFactory.java:8: error: cannot find symbol&#10;@Generated(&#10; ^&#10;  symbol: class Generated&#10;/Users/michael/Desktop/Exercise/app/build/generated/source/kapt/release/com/michael/MyApplication_MembersInjector.java:6: error: package javax.annotation.processing does not exist&#10;import javax.annotation.processing.Generated;&#10;                                  ^&#10;/Users/michael/Desktop/Exercise/app/build/generated/source/kapt/release/com/michael/MyApplication_MembersInjector.java:9: error: cannot find symbol&#10;@Generated(&#10; ^&#10;  symbol: class Generated&#10;/Users/michael/Desktop/Exercise/app/build/generated/source/kapt/release/com/michael/AndroidModule_ProvideAppWidgetManager$app_releaseFactory.java:6: error: package javax.annotation.processing does not exist&#10;import javax.annotation.processing.Generated;&#10;                                  ^&#10;/Users/michael/Desktop/Exercise/app/build/generated/source/kapt/release/com/michael/AndroidModule_ProvideAppWidgetManager$app_releaseFactory.java:8: error: cannot find symbol&#10;@Generated(&#10; ^&#10;  symbol: class Generated&#10;/Users/michael/Desktop/Exercise/app/build/generated/source/kapt/release/com/michael/DaggerFragmentX_MembersInjector.java:5: error: package javax.annotation.processing does not exist&#10;import javax.annotation.processing.Generated;&#10;                                  ^&#10;/Users/michael/Desktop/Exercise/app/build/generated/source/kapt/release/com/michael/DaggerFragmentX_MembersInjector.java:8: error: cannot find symbol&#10;@Generated(&#10; ^&#10;  symbol: class Generated&#10;/Users/michael/Desktop/Exercise/app/build/generated/source/kapt/release/com/michael/ListFragmentModule_ContributeFragment.java:10: error: package javax.annotation.processing does not exist&#10;import javax.annotation.processing.Generated;&#10;                                  ^&#10;/Users/michael/Desktop/Exercise/app/build/generated/source/kapt/release/com/michael/ListFragmentModule_ContributeFragment.java:13: error: cannot find symbol&#10;@Generated(&quot;dagger.android.processor.AndroidProcessor&quot;)&#10; ^&#10;  symbol: class Generated&#10;/Users/michael/Desktop/Exercise/app/build/generated/source/kapt/release/com/michael/AndroidModule_ProvideLocalBroadcastManager$app_releaseFactory.java:6: error: package javax.annotation.processing does not exist&#10;import javax.annotation.processing.Generated;&#10;                                  ^&#10;/Users/michael/Desktop/Exercise/app/build/generated/source/kapt/release/com/michael/AndroidModule_ProvideLocalBroadcastManager$app_releaseFactory.java:8: error: cannot find symbol&#10;@Generated(&#10; ^&#10;  symbol: class Generated&#10;/Users/michael/Desktop/Exercise/app/build/generated/source/kapt/release/com/michael/AppModule2_ProvideOkHttpClientFactory.java:5: error: package javax.annotation.processing does not exist&#10;import javax.annotation.processing.Generated;&#10;                                  ^&#10;/Users/michael/Desktop/Exercise/app/build/generated/source/kapt/release/com/michael/AppModule2_ProvideOkHttpClientFactory.java:9: error: cannot find symbol&#10;@Generated(&#10; ^&#10;  symbol: class Generated&#10;/Users/michael/Desktop/Exercise/app/build/generated/source/kapt/release/com/michael/AndroidModule_ProvideNsdManager$app_releaseFactory.java:6: error: package javax.annotation.processing does not exist&#10;import javax.annotation.processing.Generated;&#10;                                  ^&#10;/Users/michael/Desktop/Exercise/app/build/generated/source/kapt/release/com/michael/AndroidModule_ProvideNsdManager$app_releaseFactory.java:8: error: cannot find symbol&#10;@Generated(&#10; ^&#10;  symbol: class Generated&#10;/Users/michael/Desktop/Exercise/app/build/generated/source/kapt/release/com/michael/AndroidModule_ProvideClipboardManager$app_releaseFactory.java:6: error: package javax.annotation.processing does not exist&#10;import javax.annotation.processing.Generated;&#10;                                  ^&#10;/Users/michael/Desktop/Exercise/app/build/generated/source/kapt/release/com/michael/AndroidModule_ProvideClipboardManager$app_releaseFactory.java:8: error: cannot find symbol&#10;@Generated(&#10; ^&#10;  symbol: class Generated&#10;/Users/michael/Desktop/Exercise/app/build/generated/source/kapt/release/com/michael/MyViewModelFactory_Factory.java:6: error: package javax.annotation.processing does not exist&#10;import javax.annotation.processing.Generated;&#10;                                  ^&#10;/Users/michael/Desktop/Exercise/app/build/generated/source/kapt/release/com/michael/MyViewModelFactory_Factory.java:9: error: cannot find symbol&#10;@Generated(&#10; ^&#10;  symbol: class Generated&#10;/Users/michael/Desktop/Exercise/app/build/generated/source/kapt/release/com/michael/AndroidModule_ProvidePreferences$app_releaseFactory.java:6: error: package javax.annotation.processing does not exist&#10;import javax.annotation.processing.Generated;&#10;                                  ^&#10;/Users/michael/Desktop/Exercise/app/build/generated/source/kapt/release/com/michael/AndroidModule_ProvidePreferences$app_releaseFactory.java:8: error: cannot find symbol&#10;@Generated(&#10; ^&#10;  symbol: class Generated&#10;/Users/michael/Desktop/Exercise/app/build/generated/source/kapt/release/com/michael/AndroidModule_ProvideWifiManager$app_releaseFactory.java:6: error: package javax.annotation.processing does not exist&#10;import javax.annotation.processing.Generated;&#10;                                  ^&#10;/Users/michael/Desktop/Exercise/app/build/generated/source/kapt/release/com/michael/AndroidModule_ProvideWifiManager$app_releaseFactory.java:8: error: cannot find symbol&#10;@Generated(&#10; ^&#10;  symbol: class Generated&#10;/Users/michael/Desktop/Exercise/app/build/generated/source/kapt/release/com/michael/AppModule2_ProvideOkHttpClientBuilderFactory.java:5: error: package javax.annotation.processing does not exist&#10;import javax.annotation.processing.Generated;&#10;                                  ^&#10;/Users/michael/Desktop/Exercise/app/build/generated/source/kapt/release/com/michael/AppModule2_ProvideOkHttpClientBuilderFactory.java:8: error: cannot find symbol&#10;@Generated(&#10; ^&#10;  symbol: class Generated&#10;/Users/michael/Desktop/Exercise/app/build/generated/source/kapt/release/com/michael/AndroidModule_ProvideOldNotificationManager$app_releaseFactory.java:6: error: package javax.annotation.processing does not exist&#10;import javax.annotation.processing.Generated;&#10;                                  ^&#10;/Users/michael/Desktop/Exercise/app/build/generated/source/kapt/release/com/michael/AndroidModule_ProvideOldNotificationManager$app_releaseFactory.java:8: error: cannot find symbol&#10;@Generated(&#10; ^&#10;  symbol: class Generated&#10;/Users/michael/Desktop/Exercise/app/build/generated/source/kapt/release/com/michael/AndroidModule_ProvideLocationManager$app_releaseFactory.java:6: error: package javax.annotation.processing does not exist&#10;import javax.annotation.processing.Generated;&#10;                                  ^&#10;/Users/michael/Desktop/Exercise/app/build/generated/source/kapt/release/com/michael/AndroidModule_ProvideLocationManager$app_releaseFactory.java:8: error: cannot find symbol&#10;@Generated(&#10; ^&#10;  symbol: class Generated&#10;/Users/michael/Desktop/Exercise/app/build/generated/source/kapt/release/com/michael/AndroidModule_ProvideTelephonyManager$app_releaseFactory.java:6: error: package javax.annotation.processing does not exist&#10;import javax.annotation.processing.Generated;&#10;                                  ^&#10;/Users/michael/Desktop/Exercise/app/build/generated/source/kapt/release/com/michael/AndroidModule_ProvideTelephonyManager$app_releaseFactory.java:8: error: cannot find symbol&#10;@Generated(&#10; ^&#10;  symbol: class Generated&#10;/Users/michael/Desktop/Exercise/app/build/generated/source/kapt/release/com/michael/AndroidModule_ProvideInputMethodManager$app_releaseFactory.java:6: error: package javax.annotation.processing does not exist&#10;import javax.annotation.processing.Generated;&#10;                                  ^&#10;/Users/michael/Desktop/Exercise/app/build/generated/source/kapt/release/com/michael/AndroidModule_ProvideInputMethodManager$app_releaseFactory.java:8: error: cannot find symbol&#10;@Generated(&#10; ^&#10;  symbol: class Generated&#10;/Users/michael/Desktop/Exercise/app/build/generated/source/kapt/release/com/michael/data/RemoteDataSource_Factory.java:4: error: package javax.annotation.processing does not exist&#10;import javax.annotation.processing.Generated;&#10;                                  ^&#10;/Users/michael/Desktop/Exercise/app/build/generated/source/kapt/release/com/michael/data/RemoteDataSource_Factory.java:8: error: cannot find symbol&#10;@Generated(&#10; ^&#10;  symbol: class Generated&#10;/Users/michael/Desktop/Exercise/app/build/generated/source/kapt/release/com/michael/data/RepositoryImpl_Factory.java:4: error: package javax.annotation.processing does not exist&#10;import javax.annotation.processing.Generated;&#10;                                  ^&#10;/Users/michael/Desktop/Exercise/app/build/generated/source/kapt/release/com/michael/data/RepositoryImpl_Factory.java:7: error: cannot find symbol&#10;@Generated(&#10; ^&#10;  symbol: class Generated&#10;/Users/michael/Desktop/Exercise/app/build/generated/source/kapt/release/com/michael/presentation/ListViewModel_Factory.java:5: error: package javax.annotation.processing does not exist&#10;import javax.annotation.processing.Generated;&#10;                                  ^&#10;/Users/michael/Desktop/Exercise/app/build/generated/source/kapt/release/com/michael/presentation/ListViewModel_Factory.java:8: error: cannot find symbol&#10;@Generated(&#10; ^&#10;  symbol: class Generated&#10;/Users/michael/Desktop/Exercise/app/build/generated/source/kapt/release/com/michael/presentation/ListFragment_MembersInjector.java:7: error: package javax.annotation.processing does not exist&#10;import javax.annotation.processing.Generated;&#10;                                  ^&#10;/Users/michael/Desktop/Exercise/app/build/generated/source/kapt/release/com/michael/presentation/ListFragment_MembersInjector.java:10: error: cannot find symbol&#10;@Generated(&#10; ^&#10;  symbol: class Generated&#10;/Users/michael/Desktop/Exercise/app/build/generated/source/kapt/release/com/michael/AndroidModule_ProvideConnectivityManager$app_releaseFactory.java:6: error: package javax.annotation.processing does not exist&#10;import javax.annotation.processing.Generated;&#10;                                  ^&#10;/Users/michael/Desktop/Exercise/app/build/generated/source/kapt/release/com/michael/AndroidModule_ProvideConnectivityManager$app_releaseFactory.java:8: error: cannot find symbol&#10;@Generated(&#10; ^&#10;  symbol: class Generated&#10;/Users/michael/Desktop/Exercise/app/build/generated/source/kapt/release/com/michael/DaggerMyComponent.java:20: error: package javax.annotation.processing does not exist&#10;import javax.annotation.processing.Generated;&#10;                                  ^&#10;/Users/michael/Desktop/Exercise/app/build/generated/source/kapt/release/com/michael/DaggerMyComponent.java:24: error: cannot find symbol&#10;@Generated(&#10; ^&#10;  symbol: class Generated&#10;48 errors&#10;&#10;FAILURE: Build failed with an exception.&#10;&#10;* What went wrong:&#10;Execution failed for task ':app:compileReleaseJavaWithJavac'.&#10;&gt; Compilation failed; see the compiler error output for details.&#10;&#10;* Try:&#10;Run with --stacktrace option to get the stack trace. Run with --info or --debug option to get more log output. Run with --scan to get full insights.&#10;&#10;* Get more help at https://help.gradle.org&#10;&#10;BUILD FAILED in 32s&#10;16 actionable tasks: 15 executed, 1 up-to-date&#10;" />
        
      </testcase>
    
  </testsuite>
</testsuites>
